<?xml version="1.0" encoding="UTF-8"?>
<testsuite xmlns:xsi="http://www.w3.org/2001/XMLSchema-instance" xsi:noNamespaceSchemaLocation="https://maven.apache.org/surefire/maven-surefire-plugin/xsd/surefire-test-report-3.0.xsd" version="3.0" name="com.sea4.randoop.RegressionTest0" time="0.064" tests="500" errors="0" skipped="0" failures="0">
  <properties>
[...]
</properties>
  <testcase name="test0001" classname="com.sea4.randoop.RegressionTest0" time="0.0"/>
  <testcase name="test0002" classname="com.sea4.randoop.RegressionTest0" time="0.0"/>
  <testcase name="test0003" classname="com.sea4.randoop.RegressionTest0" time="0.0"/>
  <testcase name="test0004" classname="com.sea4.randoop.RegressionTest0" time="0.0"/>
  <testcase name="test0005" classname="com.sea4.randoop.RegressionTest0" time="0.0"/>
  <testcase name="test0006" classname="com.sea4.randoop.RegressionTest0" time="0.0"/>
  <testcase name="test0007" classname="com.sea4.randoop.RegressionTest0" time="0.0"/>
  <testcase name="test0008" classname="com.sea4.randoop.RegressionTest0" time="0.0"/>
  <testcase name="test0009" classname="com.sea4.randoop.RegressionTest0" time="0.001"/>
  <testcase name="test0010" classname="com.sea4.randoop.RegressionTest0" time="0.0"/>
  <testcase name="test0011" classname="com.sea4.randoop.RegressionTest0" time="0.0"/>
  <testcase name="test0012" classname="com.sea4.randoop.RegressionTest0" time="0.0"/>
  <testcase name="test0013" classname="com.sea4.randoop.RegressionTest0" time="0.0"/>
  <testcase name="test0014" classname="com.sea4.randoop.RegressionTest0" time="0.001"/>
  <testcase name="test0015" classname="com.sea4.randoop.RegressionTest0" time="0.0"/>
  <testcase name="test0016" classname="com.sea4.randoop.RegressionTest0" time="0.0"/>
  <testcase name="test0017" classname="com.sea4.randoop.RegressionTest0" time="0.0"/>
  <testcase name="test0018" classname="com.sea4.randoop.RegressionTest0" time="0.0"/>
  <testcase name="test0019" classname="com.sea4.randoop.RegressionTest0" time="0.001"/>
  <testcase name="test0020" classname="com.sea4.randoop.RegressionTest0" time="0.0"/>
  <testcase name="test0021" classname="com.sea4.randoop.RegressionTest0" time="0.0"/>
  <testcase name="test0022" classname="com.sea4.randoop.RegressionTest0" time="0.0"/>
  <testcase name="test0023" classname="com.sea4.randoop.RegressionTest0" time="0.0"/>
  <testcase name="test0024" classname="com.sea4.randoop.RegressionTest0" time="0.0"/>
  <testcase name="test0025" classname="com.sea4.randoop.RegressionTest0" time="0.0"/>
  <testcase name="test0026" classname="com.sea4.randoop.RegressionTest0" time="0.0"/>
  <testcase name="test0027" classname="com.sea4.randoop.RegressionTest0" time="0.0"/>
  <testcase name="test0028" classname="com.sea4.randoop.RegressionTest0" time="0.0"/>
  <testcase name="test0029" classname="com.sea4.randoop.RegressionTest0" time="0.0"/>
  <testcase name="test0030" classname="com.sea4.randoop.RegressionTest0" time="0.001"/>
  <testcase name="test0031" classname="com.sea4.randoop.RegressionTest0" time="0.0"/>
  <testcase name="test0032" classname="com.sea4.randoop.RegressionTest0" time="0.0"/>
  <testcase name="test0033" classname="com.sea4.randoop.RegressionTest0" time="0.0"/>
  <testcase name="test0034" classname="com.sea4.randoop.RegressionTest0" time="0.001"/>
  <testcase name="test0035" classname="com.sea4.randoop.RegressionTest0" time="0.0"/>
  <testcase name="test0036" classname="com.sea4.randoop.RegressionTest0" time="0.0"/>
  <testcase name="test0037" classname="com.sea4.randoop.RegressionTest0" time="0.0"/>
  <testcase name="test0038" classname="com.sea4.randoop.RegressionTest0" time="0.0"/>
  <testcase name="test0039" classname="com.sea4.randoop.RegressionTest0" time="0.0"/>
  <testcase name="test0040" classname="com.sea4.randoop.RegressionTest0" time="0.0"/>
  <testcase name="test0041" classname="com.sea4.randoop.RegressionTest0" time="0.0"/>
  <testcase name="test0042" classname="com.sea4.randoop.RegressionTest0" time="0.0"/>
  <testcase name="test0043" classname="com.sea4.randoop.RegressionTest0" time="0.0"/>
  <testcase name="test0044" classname="com.sea4.randoop.RegressionTest0" time="0.0"/>
  <testcase name="test0045" classname="com.sea4.randoop.RegressionTest0" time="0.0"/>
  <testcase name="test0046" classname="com.sea4.randoop.RegressionTest0" time="0.001"/>
  <testcase name="test0047" classname="com.sea4.randoop.RegressionTest0" time="0.0"/>
  <testcase name="test0048" classname="com.sea4.randoop.RegressionTest0" time="0.0"/>
  <testcase name="test0049" classname="com.sea4.randoop.RegressionTest0" time="0.0"/>
  <testcase name="test0050" classname="com.sea4.randoop.RegressionTest0" time="0.0"/>
  <testcase name="test0051" classname="com.sea4.randoop.RegressionTest0" time="0.0"/>
  <testcase name="test0052" classname="com.sea4.randoop.RegressionTest0" time="0.0"/>
  <testcase name="test0053" classname="com.sea4.randoop.RegressionTest0" time="0.0"/>
  <testcase name="test0054" classname="com.sea4.randoop.RegressionTest0" time="0.0"/>
  <testcase name="test0055" classname="com.sea4.randoop.RegressionTest0" time="0.0"/>
  <testcase name="test0056" classname="com.sea4.randoop.RegressionTest0" time="0.0"/>
  <testcase name="test0057" classname="com.sea4.randoop.RegressionTest0" time="0.001"/>
  <testcase name="test0058" classname="com.sea4.randoop.RegressionTest0" time="0.0"/>
  <testcase name="test0059" classname="com.sea4.randoop.RegressionTest0" time="0.0"/>
  <testcase name="test0060" classname="com.sea4.randoop.RegressionTest0" time="0.0"/>
  <testcase name="test0061" classname="com.sea4.randoop.RegressionTest0" time="0.0"/>
  <testcase name="test0062" classname="com.sea4.randoop.RegressionTest0" time="0.0"/>
  <testcase name="test0063" classname="com.sea4.randoop.RegressionTest0" time="0.0"/>
  <testcase name="test0064" classname="com.sea4.randoop.RegressionTest0" time="0.0"/>
  <testcase name="test0065" classname="com.sea4.randoop.RegressionTest0" time="0.0"/>
  <testcase name="test0066" classname="com.sea4.randoop.RegressionTest0" time="0.0"/>
  <testcase name="test0067" classname="com.sea4.randoop.RegressionTest0" time="0.0"/>
  <testcase name="test0068" classname="com.sea4.randoop.RegressionTest0" time="0.0"/>
  <testcase name="test0069" classname="com.sea4.randoop.RegressionTest0" time="0.0"/>
  <testcase name="test0070" classname="com.sea4.randoop.RegressionTest0" time="0.0"/>
  <testcase name="test0071" classname="com.sea4.randoop.RegressionTest0" time="0.001"/>
  <testcase name="test0072" classname="com.sea4.randoop.RegressionTest0" time="0.0"/>
  <testcase name="test0073" classname="com.sea4.randoop.RegressionTest0" time="0.0"/>
  <testcase name="test0074" classname="com.sea4.randoop.RegressionTest0" time="0.0"/>
  <testcase name="test0075" classname="com.sea4.randoop.RegressionTest0" time="0.0"/>
  <testcase name="test0076" classname="com.sea4.randoop.RegressionTest0" time="0.0"/>
  <testcase name="test0077" classname="com.sea4.randoop.RegressionTest0" time="0.0"/>
  <testcase name="test0078" classname="com.sea4.randoop.RegressionTest0" time="0.0"/>
  <testcase name="test0079" classname="com.sea4.randoop.RegressionTest0" time="0.0"/>
  <testcase name="test0080" classname="com.sea4.randoop.RegressionTest0" time="0.0"/>
  <testcase name="test0081" classname="com.sea4.randoop.RegressionTest0" time="0.0"/>
  <testcase name="test0082" classname="com.sea4.randoop.RegressionTest0" time="0.0"/>
  <testcase name="test0083" classname="com.sea4.randoop.RegressionTest0" time="0.0"/>
  <testcase name="test0084" classname="com.sea4.randoop.RegressionTest0" time="0.0"/>
  <testcase name="test0085" classname="com.sea4.randoop.RegressionTest0" time="0.0"/>
  <testcase name="test0086" classname="com.sea4.randoop.RegressionTest0" time="0.0"/>
  <testcase name="test0087" classname="com.sea4.randoop.RegressionTest0" time="0.0"/>
  <testcase name="test0088" classname="com.sea4.randoop.RegressionTest0" time="0.0"/>
  <testcase name="test0089" classname="com.sea4.randoop.RegressionTest0" time="0.0"/>
  <testcase name="test0090" classname="com.sea4.randoop.RegressionTest0" time="0.0"/>
  <testcase name="test0091" classname="com.sea4.randoop.RegressionTest0" time="0.0"/>
  <testcase name="test0092" classname="com.sea4.randoop.RegressionTest0" time="0.0"/>
  <testcase name="test0093" classname="com.sea4.randoop.RegressionTest0" time="0.0"/>
  <testcase name="test0094" classname="com.sea4.randoop.RegressionTest0" time="0.0"/>
  <testcase name="test0095" classname="com.sea4.randoop.RegressionTest0" time="0.0"/>
  <testcase name="test0096" classname="com.sea4.randoop.RegressionTest0" time="0.0"/>
  <testcase name="test0097" classname="com.sea4.randoop.RegressionTest0" time="0.0"/>
  <testcase name="test0098" classname="com.sea4.randoop.RegressionTest0" time="0.0"/>
  <testcase name="test0099" classname="com.sea4.randoop.RegressionTest0" time="0.0"/>
  <testcase name="test0100" classname="com.sea4.randoop.RegressionTest0" time="0.001"/>
  <testcase name="test0101" classname="com.sea4.randoop.RegressionTest0" time="0.0"/>
  <testcase name="test0102" classname="com.sea4.randoop.RegressionTest0" time="0.0"/>
  <testcase name="test0103" classname="com.sea4.randoop.RegressionTest0" time="0.0"/>
  <testcase name="test0104" classname="com.sea4.randoop.RegressionTest0" time="0.0"/>
  <testcase name="test0105" classname="com.sea4.randoop.RegressionTest0" time="0.0"/>
  <testcase name="test0106" classname="com.sea4.randoop.RegressionTest0" time="0.0"/>
  <testcase name="test0107" classname="com.sea4.randoop.RegressionTest0" time="0.0"/>
  <testcase name="test0108" classname="com.sea4.randoop.RegressionTest0" time="0.0"/>
  <testcase name="test0109" classname="com.sea4.randoop.RegressionTest0" time="0.0"/>
  <testcase name="test0110" classname="com.sea4.randoop.RegressionTest0" time="0.0"/>
  <testcase name="test0111" classname="com.sea4.randoop.RegressionTest0" time="0.0"/>
  <testcase name="test0112" classname="com.sea4.randoop.RegressionTest0" time="0.0"/>
  <testcase name="test0113" classname="com.sea4.randoop.RegressionTest0" time="0.0"/>
  <testcase name="test0114" classname="com.sea4.randoop.RegressionTest0" time="0.0"/>
  <testcase name="test0115" classname="com.sea4.randoop.RegressionTest0" time="0.0"/>
  <testcase name="test0116" classname="com.sea4.randoop.RegressionTest0" time="0.0"/>
  <testcase name="test0117" classname="com.sea4.randoop.RegressionTest0" time="0.0"/>
  <testcase name="test0118" classname="com.sea4.randoop.RegressionTest0" time="0.0"/>
  <testcase name="test0119" classname="com.sea4.randoop.RegressionTest0" time="0.0"/>
  <testcase name="test0120" classname="com.sea4.randoop.RegressionTest0" time="0.0"/>
  <testcase name="test0121" classname="com.sea4.randoop.RegressionTest0" time="0.0"/>
  <testcase name="test0122" classname="com.sea4.randoop.RegressionTest0" time="0.0"/>
  <testcase name="test0123" classname="com.sea4.randoop.RegressionTest0" time="0.0"/>
  <testcase name="test0124" classname="com.sea4.randoop.RegressionTest0" time="0.001"/>
  <testcase name="test0125" classname="com.sea4.randoop.RegressionTest0" time="0.0"/>
  <testcase name="test0126" classname="com.sea4.randoop.RegressionTest0" time="0.0"/>
  <testcase name="test0127" classname="com.sea4.randoop.RegressionTest0" time="0.0"/>
  <testcase name="test0128" classname="com.sea4.randoop.RegressionTest0" time="0.0"/>
  <testcase name="test0129" classname="com.sea4.randoop.RegressionTest0" time="0.0"/>
  <testcase name="test0130" classname="com.sea4.randoop.RegressionTest0" time="0.0"/>
  <testcase name="test0131" classname="com.sea4.randoop.RegressionTest0" time="0.0"/>
  <testcase name="test0132" classname="com.sea4.randoop.RegressionTest0" time="0.0"/>
  <testcase name="test0133" classname="com.sea4.randoop.RegressionTest0" time="0.0"/>
  <testcase name="test0134" classname="com.sea4.randoop.RegressionTest0" time="0.0"/>
  <testcase name="test0135" classname="com.sea4.randoop.RegressionTest0" time="0.0"/>
  <testcase name="test0136" classname="com.sea4.randoop.RegressionTest0" time="0.0"/>
  <testcase name="test0137" classname="com.sea4.randoop.RegressionTest0" time="0.0"/>
  <testcase name="test0138" classname="com.sea4.randoop.RegressionTest0" time="0.0"/>
  <testcase name="test0139" classname="com.sea4.randoop.RegressionTest0" time="0.0"/>
  <testcase name="test0140" classname="com.sea4.randoop.RegressionTest0" time="0.0"/>
  <testcase name="test0141" classname="com.sea4.randoop.RegressionTest0" time="0.0"/>
  <testcase name="test0142" classname="com.sea4.randoop.RegressionTest0" time="0.0"/>
  <testcase name="test0143" classname="com.sea4.randoop.RegressionTest0" time="0.0"/>
  <testcase name="test0144" classname="com.sea4.randoop.RegressionTest0" time="0.0"/>
  <testcase name="test0145" classname="com.sea4.randoop.RegressionTest0" time="0.0"/>
  <testcase name="test0146" classname="com.sea4.randoop.RegressionTest0" time="0.0"/>
  <testcase name="test0147" classname="com.sea4.randoop.RegressionTest0" time="0.0"/>
  <testcase name="test0148" classname="com.sea4.randoop.RegressionTest0" time="0.0"/>
  <testcase name="test0149" classname="com.sea4.randoop.RegressionTest0" time="0.001"/>
  <testcase name="test0150" classname="com.sea4.randoop.RegressionTest0" time="0.0"/>
  <testcase name="test0151" classname="com.sea4.randoop.RegressionTest0" time="0.0"/>
  <testcase name="test0152" classname="com.sea4.randoop.RegressionTest0" time="0.0"/>
  <testcase name="test0153" classname="com.sea4.randoop.RegressionTest0" time="0.0"/>
  <testcase name="test0154" classname="com.sea4.randoop.RegressionTest0" time="0.0"/>
  <testcase name="test0155" classname="com.sea4.randoop.RegressionTest0" time="0.0"/>
  <testcase name="test0156" classname="com.sea4.randoop.RegressionTest0" time="0.0"/>
  <testcase name="test0157" classname="com.sea4.randoop.RegressionTest0" time="0.0"/>
  <testcase name="test0158" classname="com.sea4.randoop.RegressionTest0" time="0.001"/>
  <testcase name="test0159" classname="com.sea4.randoop.RegressionTest0" time="0.0"/>
  <testcase name="test0160" classname="com.sea4.randoop.RegressionTest0" time="0.0"/>
  <testcase name="test0161" classname="com.sea4.randoop.RegressionTest0" time="0.0"/>
  <testcase name="test0162" classname="com.sea4.randoop.RegressionTest0" time="0.0"/>
  <testcase name="test0163" classname="com.sea4.randoop.RegressionTest0" time="0.0"/>
  <testcase name="test0164" classname="com.sea4.randoop.RegressionTest0" time="0.0"/>
  <testcase name="test0165" classname="com.sea4.randoop.RegressionTest0" time="0.0"/>
  <testcase name="test0166" classname="com.sea4.randoop.RegressionTest0" time="0.0"/>
  <testcase name="test0167" classname="com.sea4.randoop.RegressionTest0" time="0.001"/>
  <testcase name="test0168" classname="com.sea4.randoop.RegressionTest0" time="0.0"/>
  <testcase name="test0169" classname="com.sea4.randoop.RegressionTest0" time="0.0"/>
  <testcase name="test0170" classname="com.sea4.randoop.RegressionTest0" time="0.0"/>
  <testcase name="test0171" classname="com.sea4.randoop.RegressionTest0" time="0.0"/>
  <testcase name="test0172" classname="com.sea4.randoop.RegressionTest0" time="0.0"/>
  <testcase name="test0173" classname="com.sea4.randoop.RegressionTest0" time="0.0"/>
  <testcase name="test0174" classname="com.sea4.randoop.RegressionTest0" time="0.0"/>
  <testcase name="test0175" classname="com.sea4.randoop.RegressionTest0" time="0.0"/>
  <testcase name="test0176" classname="com.sea4.randoop.RegressionTest0" time="0.001"/>
  <testcase name="test0177" classname="com.sea4.randoop.RegressionTest0" time="0.0"/>
  <testcase name="test0178" classname="com.sea4.randoop.RegressionTest0" time="0.0"/>
  <testcase name="test0179" classname="com.sea4.randoop.RegressionTest0" time="0.0"/>
  <testcase name="test0180" classname="com.sea4.randoop.RegressionTest0" time="0.0"/>
  <testcase name="test0181" classname="com.sea4.randoop.RegressionTest0" time="0.0"/>
  <testcase name="test0182" classname="com.sea4.randoop.RegressionTest0" time="0.0"/>
  <testcase name="test0183" classname="com.sea4.randoop.RegressionTest0" time="0.0"/>
  <testcase name="test0184" classname="com.sea4.randoop.RegressionTest0" time="0.0"/>
  <testcase name="test0185" classname="com.sea4.randoop.RegressionTest0" time="0.0"/>
  <testcase name="test0186" classname="com.sea4.randoop.RegressionTest0" time="0.0"/>
  <testcase name="test0187" classname="com.sea4.randoop.RegressionTest0" time="0.0"/>
  <testcase name="test0188" classname="com.sea4.randoop.RegressionTest0" time="0.0"/>
  <testcase name="test0189" classname="com.sea4.randoop.RegressionTest0" time="0.0"/>
  <testcase name="test0190" classname="com.sea4.randoop.RegressionTest0" time="0.0"/>
  <testcase name="test0191" classname="com.sea4.randoop.RegressionTest0" time="0.0"/>
  <testcase name="test0192" classname="com.sea4.randoop.RegressionTest0" time="0.0"/>
  <testcase name="test0193" classname="com.sea4.randoop.RegressionTest0" time="0.0"/>
  <testcase name="test0194" classname="com.sea4.randoop.RegressionTest0" time="0.0"/>
  <testcase name="test0195" classname="com.sea4.randoop.RegressionTest0" time="0.0"/>
  <testcase name="test0196" classname="com.sea4.randoop.RegressionTest0" time="0.0"/>
  <testcase name="test0197" classname="com.sea4.randoop.RegressionTest0" time="0.0"/>
  <testcase name="test0198" classname="com.sea4.randoop.RegressionTest0" time="0.0"/>
  <testcase name="test0199" classname="com.sea4.randoop.RegressionTest0" time="0.0"/>
  <testcase name="test0200" classname="com.sea4.randoop.RegressionTest0" time="0.0"/>
  <testcase name="test0201" classname="com.sea4.randoop.RegressionTest0" time="0.0"/>
  <testcase name="test0202" classname="com.sea4.randoop.RegressionTest0" time="0.0"/>
  <testcase name="test0203" classname="com.sea4.randoop.RegressionTest0" time="0.0"/>
  <testcase name="test0204" classname="com.sea4.randoop.RegressionTest0" time="0.0"/>
  <testcase name="test0205" classname="com.sea4.randoop.RegressionTest0" time="0.0"/>
  <testcase name="test0206" classname="com.sea4.randoop.RegressionTest0" time="0.0"/>
  <testcase name="test0207" classname="com.sea4.randoop.RegressionTest0" time="0.0"/>
  <testcase name="test0208" classname="com.sea4.randoop.RegressionTest0" time="0.0"/>
  <testcase name="test0209" classname="com.sea4.randoop.RegressionTest0" time="0.0"/>
  <testcase name="test0210" classname="com.sea4.randoop.RegressionTest0" time="0.0"/>
  <testcase name="test0211" classname="com.sea4.randoop.RegressionTest0" time="0.0"/>
  <testcase name="test0212" classname="com.sea4.randoop.RegressionTest0" time="0.0"/>
  <testcase name="test0213" classname="com.sea4.randoop.RegressionTest0" time="0.0"/>
  <testcase name="test0214" classname="com.sea4.randoop.RegressionTest0" time="0.0"/>
  <testcase name="test0215" classname="com.sea4.randoop.RegressionTest0" time="0.0"/>
  <testcase name="test0216" classname="com.sea4.randoop.RegressionTest0" time="0.0"/>
  <testcase name="test0217" classname="com.sea4.randoop.RegressionTest0" time="0.0"/>
  <testcase name="test0218" classname="com.sea4.randoop.RegressionTest0" time="0.0"/>
  <testcase name="test0219" classname="com.sea4.randoop.RegressionTest0" time="0.0"/>
  <testcase name="test0220" classname="com.sea4.randoop.RegressionTest0" time="0.0"/>
  <testcase name="test0221" classname="com.sea4.randoop.RegressionTest0" time="0.0"/>
  <testcase name="test0222" classname="com.sea4.randoop.RegressionTest0" time="0.0"/>
  <testcase name="test0223" classname="com.sea4.randoop.RegressionTest0" time="0.0"/>
  <testcase name="test0224" classname="com.sea4.randoop.RegressionTest0" time="0.0"/>
  <testcase name="test0225" classname="com.sea4.randoop.RegressionTest0" time="0.0"/>
  <testcase name="test0226" classname="com.sea4.randoop.RegressionTest0" time="0.0"/>
  <testcase name="test0227" classname="com.sea4.randoop.RegressionTest0" time="0.0"/>
  <testcase name="test0228" classname="com.sea4.randoop.RegressionTest0" time="0.0"/>
  <testcase name="test0229" classname="com.sea4.randoop.RegressionTest0" time="0.0"/>
  <testcase name="test0230" classname="com.sea4.randoop.RegressionTest0" time="0.0"/>
  <testcase name="test0231" classname="com.sea4.randoop.RegressionTest0" time="0.001"/>
  <testcase name="test0232" classname="com.sea4.randoop.RegressionTest0" time="0.0"/>
  <testcase name="test0233" classname="com.sea4.randoop.RegressionTest0" time="0.0"/>
  <testcase name="test0234" classname="com.sea4.randoop.RegressionTest0" time="0.0"/>
  <testcase name="test0235" classname="com.sea4.randoop.RegressionTest0" time="0.0"/>
  <testcase name="test0236" classname="com.sea4.randoop.RegressionTest0" time="0.0"/>
  <testcase name="test0237" classname="com.sea4.randoop.RegressionTest0" time="0.001"/>
  <testcase name="test0238" classname="com.sea4.randoop.RegressionTest0" time="0.0"/>
  <testcase name="test0239" classname="com.sea4.randoop.RegressionTest0" time="0.0"/>
  <testcase name="test0240" classname="com.sea4.randoop.RegressionTest0" time="0.0"/>
  <testcase name="test0241" classname="com.sea4.randoop.RegressionTest0" time="0.0"/>
  <testcase name="test0242" classname="com.sea4.randoop.RegressionTest0" time="0.0"/>
  <testcase name="test0243" classname="com.sea4.randoop.RegressionTest0" time="0.0"/>
  <testcase name="test0244" classname="com.sea4.randoop.RegressionTest0" time="0.0"/>
  <testcase name="test0245" classname="com.sea4.randoop.RegressionTest0" time="0.0"/>
  <testcase name="test0246" classname="com.sea4.randoop.RegressionTest0" time="0.0"/>
  <testcase name="test0247" classname="com.sea4.randoop.RegressionTest0" time="0.0"/>
  <testcase name="test0248" classname="com.sea4.randoop.RegressionTest0" time="0.0"/>
  <testcase name="test0249" classname="com.sea4.randoop.RegressionTest0" time="0.0"/>
  <testcase name="test0250" classname="com.sea4.randoop.RegressionTest0" time="0.0"/>
  <testcase name="test0251" classname="com.sea4.randoop.RegressionTest0" time="0.0"/>
  <testcase name="test0252" classname="com.sea4.randoop.RegressionTest0" time="0.0"/>
  <testcase name="test0253" classname="com.sea4.randoop.RegressionTest0" time="0.0"/>
  <testcase name="test0254" classname="com.sea4.randoop.RegressionTest0" time="0.0"/>
  <testcase name="test0255" classname="com.sea4.randoop.RegressionTest0" time="0.0"/>
  <testcase name="test0256" classname="com.sea4.randoop.RegressionTest0" time="0.0"/>
  <testcase name="test0257" classname="com.sea4.randoop.RegressionTest0" time="0.0"/>
  <testcase name="test0258" classname="com.sea4.randoop.RegressionTest0" time="0.0"/>
  <testcase name="test0259" classname="com.sea4.randoop.RegressionTest0" time="0.0"/>
  <testcase name="test0260" classname="com.sea4.randoop.RegressionTest0" time="0.0"/>
  <testcase name="test0261" classname="com.sea4.randoop.RegressionTest0" time="0.0"/>
  <testcase name="test0262" classname="com.sea4.randoop.RegressionTest0" time="0.0"/>
  <testcase name="test0263" classname="com.sea4.randoop.RegressionTest0" time="0.0"/>
  <testcase name="test0264" classname="com.sea4.randoop.RegressionTest0" time="0.0"/>
  <testcase name="test0265" classname="com.sea4.randoop.RegressionTest0" time="0.001"/>
  <testcase name="test0266" classname="com.sea4.randoop.RegressionTest0" time="0.0"/>
  <testcase name="test0267" classname="com.sea4.randoop.RegressionTest0" time="0.0"/>
  <testcase name="test0268" classname="com.sea4.randoop.RegressionTest0" time="0.0"/>
  <testcase name="test0269" classname="com.sea4.randoop.RegressionTest0" time="0.0"/>
  <testcase name="test0270" classname="com.sea4.randoop.RegressionTest0" time="0.0"/>
  <testcase name="test0271" classname="com.sea4.randoop.RegressionTest0" time="0.0"/>
  <testcase name="test0272" classname="com.sea4.randoop.RegressionTest0" time="0.0"/>
  <testcase name="test0273" classname="com.sea4.randoop.RegressionTest0" time="0.0"/>
  <testcase name="test0274" classname="com.sea4.randoop.RegressionTest0" time="0.0"/>
  <testcase name="test0275" classname="com.sea4.randoop.RegressionTest0" time="0.0"/>
  <testcase name="test0276" classname="com.sea4.randoop.RegressionTest0" time="0.0"/>
  <testcase name="test0277" classname="com.sea4.randoop.RegressionTest0" time="0.0"/>
  <testcase name="test0278" classname="com.sea4.randoop.RegressionTest0" time="0.0"/>
  <testcase name="test0279" classname="com.sea4.randoop.RegressionTest0" time="0.0"/>
  <testcase name="test0280" classname="com.sea4.randoop.RegressionTest0" time="0.001"/>
  <testcase name="test0281" classname="com.sea4.randoop.RegressionTest0" time="0.0"/>
  <testcase name="test0282" classname="com.sea4.randoop.RegressionTest0" time="0.0"/>
  <testcase name="test0283" classname="com.sea4.randoop.RegressionTest0" time="0.0"/>
  <testcase name="test0284" classname="com.sea4.randoop.RegressionTest0" time="0.0"/>
  <testcase name="test0285" classname="com.sea4.randoop.RegressionTest0" time="0.0"/>
  <testcase name="test0286" classname="com.sea4.randoop.RegressionTest0" time="0.0"/>
  <testcase name="test0287" classname="com.sea4.randoop.RegressionTest0" time="0.0"/>
  <testcase name="test0288" classname="com.sea4.randoop.RegressionTest0" time="0.0"/>
  <testcase name="test0289" classname="com.sea4.randoop.RegressionTest0" time="0.0"/>
  <testcase name="test0290" classname="com.sea4.randoop.RegressionTest0" time="0.0"/>
  <testcase name="test0291" classname="com.sea4.randoop.RegressionTest0" time="0.0"/>
  <testcase name="test0292" classname="com.sea4.randoop.RegressionTest0" time="0.0"/>
  <testcase name="test0293" classname="com.sea4.randoop.RegressionTest0" time="0.0"/>
  <testcase name="test0294" classname="com.sea4.randoop.RegressionTest0" time="0.001"/>
  <testcase name="test0295" classname="com.sea4.randoop.RegressionTest0" time="0.0"/>
  <testcase name="test0296" classname="com.sea4.randoop.RegressionTest0" time="0.0"/>
  <testcase name="test0297" classname="com.sea4.randoop.RegressionTest0" time="0.0"/>
  <testcase name="test0298" classname="com.sea4.randoop.RegressionTest0" time="0.0"/>
  <testcase name="test0299" classname="com.sea4.randoop.RegressionTest0" time="0.0"/>
  <testcase name="test0300" classname="com.sea4.randoop.RegressionTest0" time="0.0"/>
  <testcase name="test0301" classname="com.sea4.randoop.RegressionTest0" time="0.0"/>
  <testcase name="test0302" classname="com.sea4.randoop.RegressionTest0" time="0.0"/>
  <testcase name="test0303" classname="com.sea4.randoop.RegressionTest0" time="0.0"/>
  <testcase name="test0304" classname="com.sea4.randoop.RegressionTest0" time="0.0"/>
  <testcase name="test0305" classname="com.sea4.randoop.RegressionTest0" time="0.0"/>
  <testcase name="test0306" classname="com.sea4.randoop.RegressionTest0" time="0.0"/>
  <testcase name="test0307" classname="com.sea4.randoop.RegressionTest0" time="0.0"/>
  <testcase name="test0308" classname="com.sea4.randoop.RegressionTest0" time="0.0"/>
  <testcase name="test0309" classname="com.sea4.randoop.RegressionTest0" time="0.0"/>
  <testcase name="test0310" classname="com.sea4.randoop.RegressionTest0" time="0.0"/>
  <testcase name="test0311" classname="com.sea4.randoop.RegressionTest0" time="0.0"/>
  <testcase name="test0312" classname="com.sea4.randoop.RegressionTest0" time="0.0"/>
  <testcase name="test0313" classname="com.sea4.randoop.RegressionTest0" time="0.0"/>
  <testcase name="test0314" classname="com.sea4.randoop.RegressionTest0" time="0.0"/>
  <testcase name="test0315" classname="com.sea4.randoop.RegressionTest0" time="0.0"/>
  <testcase name="test0316" classname="com.sea4.randoop.RegressionTest0" time="0.0"/>
  <testcase name="test0317" classname="com.sea4.randoop.RegressionTest0" time="0.0"/>
  <testcase name="test0318" classname="com.sea4.randoop.RegressionTest0" time="0.0"/>
  <testcase name="test0319" classname="com.sea4.randoop.RegressionTest0" time="0.0"/>
  <testcase name="test0320" classname="com.sea4.randoop.RegressionTest0" time="0.0"/>
  <testcase name="test0321" classname="com.sea4.randoop.RegressionTest0" time="0.0"/>
  <testcase name="test0322" classname="com.sea4.randoop.RegressionTest0" time="0.0"/>
  <testcase name="test0323" classname="com.sea4.randoop.RegressionTest0" time="0.0"/>
  <testcase name="test0324" classname="com.sea4.randoop.RegressionTest0" time="0.0"/>
  <testcase name="test0325" classname="com.sea4.randoop.RegressionTest0" time="0.0"/>
  <testcase name="test0326" classname="com.sea4.randoop.RegressionTest0" time="0.0"/>
  <testcase name="test0327" classname="com.sea4.randoop.RegressionTest0" time="0.0"/>
  <testcase name="test0328" classname="com.sea4.randoop.RegressionTest0" time="0.001"/>
  <testcase name="test0329" classname="com.sea4.randoop.RegressionTest0" time="0.0"/>
  <testcase name="test0330" classname="com.sea4.randoop.RegressionTest0" time="0.0"/>
  <testcase name="test0331" classname="com.sea4.randoop.RegressionTest0" time="0.0"/>
  <testcase name="test0332" classname="com.sea4.randoop.RegressionTest0" time="0.0"/>
  <testcase name="test0333" classname="com.sea4.randoop.RegressionTest0" time="0.0"/>
  <testcase name="test0334" classname="com.sea4.randoop.RegressionTest0" time="0.0"/>
  <testcase name="test0335" classname="com.sea4.randoop.RegressionTest0" time="0.0"/>
  <testcase name="test0336" classname="com.sea4.randoop.RegressionTest0" time="0.001"/>
  <testcase name="test0337" classname="com.sea4.randoop.RegressionTest0" time="0.0"/>
  <testcase name="test0338" classname="com.sea4.randoop.RegressionTest0" time="0.0"/>
  <testcase name="test0339" classname="com.sea4.randoop.RegressionTest0" time="0.0"/>
  <testcase name="test0340" classname="com.sea4.randoop.RegressionTest0" time="0.0"/>
  <testcase name="test0341" classname="com.sea4.randoop.RegressionTest0" time="0.0"/>
  <testcase name="test0342" classname="com.sea4.randoop.RegressionTest0" time="0.0"/>
  <testcase name="test0343" classname="com.sea4.randoop.RegressionTest0" time="0.0"/>
  <testcase name="test0344" classname="com.sea4.randoop.RegressionTest0" time="0.0"/>
  <testcase name="test0345" classname="com.sea4.randoop.RegressionTest0" time="0.0"/>
  <testcase name="test0346" classname="com.sea4.randoop.RegressionTest0" time="0.0"/>
  <testcase name="test0347" classname="com.sea4.randoop.RegressionTest0" time="0.0"/>
  <testcase name="test0348" classname="com.sea4.randoop.RegressionTest0" time="0.0"/>
  <testcase name="test0349" classname="com.sea4.randoop.RegressionTest0" time="0.0"/>
  <testcase name="test0350" classname="com.sea4.randoop.RegressionTest0" time="0.0"/>
  <testcase name="test0351" classname="com.sea4.randoop.RegressionTest0" time="0.0"/>
  <testcase name="test0352" classname="com.sea4.randoop.RegressionTest0" time="0.0"/>
  <testcase name="test0353" classname="com.sea4.randoop.RegressionTest0" time="0.0"/>
  <testcase name="test0354" classname="com.sea4.randoop.RegressionTest0" time="0.0"/>
  <testcase name="test0355" classname="com.sea4.randoop.RegressionTest0" time="0.0"/>
  <testcase name="test0356" classname="com.sea4.randoop.RegressionTest0" time="0.0"/>
  <testcase name="test0357" classname="com.sea4.randoop.RegressionTest0" time="0.0"/>
  <testcase name="test0358" classname="com.sea4.randoop.RegressionTest0" time="0.0"/>
  <testcase name="test0359" classname="com.sea4.randoop.RegressionTest0" time="0.0"/>
  <testcase name="test0360" classname="com.sea4.randoop.RegressionTest0" time="0.0"/>
  <testcase name="test0361" classname="com.sea4.randoop.RegressionTest0" time="0.001"/>
  <testcase name="test0362" classname="com.sea4.randoop.RegressionTest0" time="0.0"/>
  <testcase name="test0363" classname="com.sea4.randoop.RegressionTest0" time="0.0"/>
  <testcase name="test0364" classname="com.sea4.randoop.RegressionTest0" time="0.0"/>
  <testcase name="test0365" classname="com.sea4.randoop.RegressionTest0" time="0.0"/>
  <testcase name="test0366" classname="com.sea4.randoop.RegressionTest0" time="0.0"/>
  <testcase name="test0367" classname="com.sea4.randoop.RegressionTest0" time="0.0"/>
  <testcase name="test0368" classname="com.sea4.randoop.RegressionTest0" time="0.0"/>
  <testcase name="test0369" classname="com.sea4.randoop.RegressionTest0" time="0.0"/>
  <testcase name="test0370" classname="com.sea4.randoop.RegressionTest0" time="0.0"/>
  <testcase name="test0371" classname="com.sea4.randoop.RegressionTest0" time="0.0"/>
  <testcase name="test0372" classname="com.sea4.randoop.RegressionTest0" time="0.0"/>
  <testcase name="test0373" classname="com.sea4.randoop.RegressionTest0" time="0.0"/>
  <testcase name="test0374" classname="com.sea4.randoop.RegressionTest0" time="0.0"/>
  <testcase name="test0375" classname="com.sea4.randoop.RegressionTest0" time="0.0"/>
  <testcase name="test0376" classname="com.sea4.randoop.RegressionTest0" time="0.0"/>
  <testcase name="test0377" classname="com.sea4.randoop.RegressionTest0" time="0.0"/>
  <testcase name="test0378" classname="com.sea4.randoop.RegressionTest0" time="0.0"/>
  <testcase name="test0379" classname="com.sea4.randoop.RegressionTest0" time="0.0"/>
  <testcase name="test0380" classname="com.sea4.randoop.RegressionTest0" time="0.0"/>
  <testcase name="test0381" classname="com.sea4.randoop.RegressionTest0" time="0.0"/>
  <testcase name="test0382" classname="com.sea4.randoop.RegressionTest0" time="0.0"/>
  <testcase name="test0383" classname="com.sea4.randoop.RegressionTest0" time="0.0"/>
  <testcase name="test0384" classname="com.sea4.randoop.RegressionTest0" time="0.0"/>
  <testcase name="test0385" classname="com.sea4.randoop.RegressionTest0" time="0.001"/>
  <testcase name="test0386" classname="com.sea4.randoop.RegressionTest0" time="0.0"/>
  <testcase name="test0387" classname="com.sea4.randoop.RegressionTest0" time="0.0"/>
  <testcase name="test0388" classname="com.sea4.randoop.RegressionTest0" time="0.0"/>
  <testcase name="test0389" classname="com.sea4.randoop.RegressionTest0" time="0.0"/>
  <testcase name="test0390" classname="com.sea4.randoop.RegressionTest0" time="0.0"/>
  <testcase name="test0391" classname="com.sea4.randoop.RegressionTest0" time="0.0"/>
  <testcase name="test0392" classname="com.sea4.randoop.RegressionTest0" time="0.0"/>
  <testcase name="test0393" classname="com.sea4.randoop.RegressionTest0" time="0.0"/>
  <testcase name="test0394" classname="com.sea4.randoop.RegressionTest0" time="0.0"/>
  <testcase name="test0395" classname="com.sea4.randoop.RegressionTest0" time="0.001"/>
  <testcase name="test0396" classname="com.sea4.randoop.RegressionTest0" time="0.0"/>
  <testcase name="test0397" classname="com.sea4.randoop.RegressionTest0" time="0.0"/>
  <testcase name="test0398" classname="com.sea4.randoop.RegressionTest0" time="0.0"/>
  <testcase name="test0399" classname="com.sea4.randoop.RegressionTest0" time="0.0"/>
  <testcase name="test0400" classname="com.sea4.randoop.RegressionTest0" time="0.0"/>
  <testcase name="test0401" classname="com.sea4.randoop.RegressionTest0" time="0.0"/>
  <testcase name="test0402" classname="com.sea4.randoop.RegressionTest0" time="0.0"/>
  <testcase name="test0403" classname="com.sea4.randoop.RegressionTest0" time="0.0"/>
  <testcase name="test0404" classname="com.sea4.randoop.RegressionTest0" time="0.0"/>
  <testcase name="test0405" classname="com.sea4.randoop.RegressionTest0" time="0.0"/>
  <testcase name="test0406" classname="com.sea4.randoop.RegressionTest0" time="0.0"/>
  <testcase name="test0407" classname="com.sea4.randoop.RegressionTest0" time="0.0"/>
  <testcase name="test0408" classname="com.sea4.randoop.RegressionTest0" time="0.0"/>
  <testcase name="test0409" classname="com.sea4.randoop.RegressionTest0" time="0.0"/>
  <testcase name="test0410" classname="com.sea4.randoop.RegressionTest0" time="0.0"/>
  <testcase name="test0411" classname="com.sea4.randoop.RegressionTest0" time="0.0"/>
  <testcase name="test0412" classname="com.sea4.randoop.RegressionTest0" time="0.0"/>
  <testcase name="test0413" classname="com.sea4.randoop.RegressionTest0" time="0.0"/>
  <testcase name="test0414" classname="com.sea4.randoop.RegressionTest0" time="0.0"/>
  <testcase name="test0415" classname="com.sea4.randoop.RegressionTest0" time="0.0"/>
  <testcase name="test0416" classname="com.sea4.randoop.RegressionTest0" time="0.0"/>
  <testcase name="test0417" classname="com.sea4.randoop.RegressionTest0" time="0.0"/>
  <testcase name="test0418" classname="com.sea4.randoop.RegressionTest0" time="0.0"/>
  <testcase name="test0419" classname="com.sea4.randoop.RegressionTest0" time="0.0"/>
  <testcase name="test0420" classname="com.sea4.randoop.RegressionTest0" time="0.0"/>
  <testcase name="test0421" classname="com.sea4.randoop.RegressionTest0" time="0.0"/>
  <testcase name="test0422" classname="com.sea4.randoop.RegressionTest0" time="0.0"/>
  <testcase name="test0423" classname="com.sea4.randoop.RegressionTest0" time="0.0"/>
  <testcase name="test0424" classname="com.sea4.randoop.RegressionTest0" time="0.0"/>
  <testcase name="test0425" classname="com.sea4.randoop.RegressionTest0" time="0.0"/>
  <testcase name="test0426" classname="com.sea4.randoop.RegressionTest0" time="0.0"/>
  <testcase name="test0427" classname="com.sea4.randoop.RegressionTest0" time="0.0"/>
  <testcase name="test0428" classname="com.sea4.randoop.RegressionTest0" time="0.0"/>
  <testcase name="test0429" classname="com.sea4.randoop.RegressionTest0" time="0.0"/>
  <testcase name="test0430" classname="com.sea4.randoop.RegressionTest0" time="0.0"/>
  <testcase name="test0431" classname="com.sea4.randoop.RegressionTest0" time="0.0"/>
  <testcase name="test0432" classname="com.sea4.randoop.RegressionTest0" time="0.0"/>
  <testcase name="test0433" classname="com.sea4.randoop.RegressionTest0" time="0.0"/>
  <testcase name="test0434" classname="com.sea4.randoop.RegressionTest0" time="0.001"/>
  <testcase name="test0435" classname="com.sea4.randoop.RegressionTest0" time="0.0"/>
  <testcase name="test0436" classname="com.sea4.randoop.RegressionTest0" time="0.0"/>
  <testcase name="test0437" classname="com.sea4.randoop.RegressionTest0" time="0.0"/>
  <testcase name="test0438" classname="com.sea4.randoop.RegressionTest0" time="0.0"/>
  <testcase name="test0439" classname="com.sea4.randoop.RegressionTest0" time="0.0"/>
  <testcase name="test0440" classname="com.sea4.randoop.RegressionTest0" time="0.0"/>
  <testcase name="test0441" classname="com.sea4.randoop.RegressionTest0" time="0.0"/>
  <testcase name="test0442" classname="com.sea4.randoop.RegressionTest0" time="0.0"/>
  <testcase name="test0443" classname="com.sea4.randoop.RegressionTest0" time="0.001"/>
  <testcase name="test0444" classname="com.sea4.randoop.RegressionTest0" time="0.0"/>
  <testcase name="test0445" classname="com.sea4.randoop.RegressionTest0" time="0.0"/>
  <testcase name="test0446" classname="com.sea4.randoop.RegressionTest0" time="0.0"/>
  <testcase name="test0447" classname="com.sea4.randoop.RegressionTest0" time="0.0"/>
  <testcase name="test0448" classname="com.sea4.randoop.RegressionTest0" time="0.0"/>
  <testcase name="test0449" classname="com.sea4.randoop.RegressionTest0" time="0.0"/>
  <testcase name="test0450" classname="com.sea4.randoop.RegressionTest0" time="0.0"/>
  <testcase name="test0451" classname="com.sea4.randoop.RegressionTest0" time="0.0"/>
  <testcase name="test0452" classname="com.sea4.randoop.RegressionTest0" time="0.0"/>
  <testcase name="test0453" classname="com.sea4.randoop.RegressionTest0" time="0.0"/>
  <testcase name="test0454" classname="com.sea4.randoop.RegressionTest0" time="0.0"/>
  <testcase name="test0455" classname="com.sea4.randoop.RegressionTest0" time="0.0"/>
  <testcase name="test0456" classname="com.sea4.randoop.RegressionTest0" time="0.0"/>
  <testcase name="test0457" classname="com.sea4.randoop.RegressionTest0" time="0.0"/>
  <testcase name="test0458" classname="com.sea4.randoop.RegressionTest0" time="0.0"/>
  <testcase name="test0459" classname="com.sea4.randoop.RegressionTest0" time="0.0"/>
  <testcase name="test0460" classname="com.sea4.randoop.RegressionTest0" time="0.0"/>
  <testcase name="test0461" classname="com.sea4.randoop.RegressionTest0" time="0.0"/>
  <testcase name="test0462" classname="com.sea4.randoop.RegressionTest0" time="0.0"/>
  <testcase name="test0463" classname="com.sea4.randoop.RegressionTest0" time="0.001"/>
  <testcase name="test0464" classname="com.sea4.randoop.RegressionTest0" time="0.0"/>
  <testcase name="test0465" classname="com.sea4.randoop.RegressionTest0" time="0.0"/>
  <testcase name="test0466" classname="com.sea4.randoop.RegressionTest0" time="0.0"/>
  <testcase name="test0467" classname="com.sea4.randoop.RegressionTest0" time="0.0"/>
  <testcase name="test0468" classname="com.sea4.randoop.RegressionTest0" time="0.0"/>
  <testcase name="test0469" classname="com.sea4.randoop.RegressionTest0" time="0.0"/>
  <testcase name="test0470" classname="com.sea4.randoop.RegressionTest0" time="0.0"/>
  <testcase name="test0471" classname="com.sea4.randoop.RegressionTest0" time="0.0"/>
  <testcase name="test0472" classname="com.sea4.randoop.RegressionTest0" time="0.0"/>
  <testcase name="test0473" classname="com.sea4.randoop.RegressionTest0" time="0.0"/>
  <testcase name="test0474" classname="com.sea4.randoop.RegressionTest0" time="0.0"/>
  <testcase name="test0475" classname="com.sea4.randoop.RegressionTest0" time="0.0"/>
  <testcase name="test0476" classname="com.sea4.randoop.RegressionTest0" time="0.0"/>
  <testcase name="test0477" classname="com.sea4.randoop.RegressionTest0" time="0.0"/>
  <testcase name="test0478" classname="com.sea4.randoop.RegressionTest0" time="0.0"/>
  <testcase name="test0479" classname="com.sea4.randoop.RegressionTest0" time="0.0"/>
  <testcase name="test0480" classname="com.sea4.randoop.RegressionTest0" time="0.0"/>
  <testcase name="test0481" classname="com.sea4.randoop.RegressionTest0" time="0.0"/>
  <testcase name="test0482" classname="com.sea4.randoop.RegressionTest0" time="0.001"/>
  <testcase name="test0483" classname="com.sea4.randoop.RegressionTest0" time="0.0"/>
  <testcase name="test0484" classname="com.sea4.randoop.RegressionTest0" time="0.0"/>
  <testcase name="test0485" classname="com.sea4.randoop.RegressionTest0" time="0.0"/>
  <testcase name="test0486" classname="com.sea4.randoop.RegressionTest0" time="0.0"/>
  <testcase name="test0487" classname="com.sea4.randoop.RegressionTest0" time="0.0"/>
  <testcase name="test0488" classname="com.sea4.randoop.RegressionTest0" time="0.0"/>
  <testcase name="test0489" classname="com.sea4.randoop.RegressionTest0" time="0.0"/>
  <testcase name="test0490" classname="com.sea4.randoop.RegressionTest0" time="0.0"/>
  <testcase name="test0491" classname="com.sea4.randoop.RegressionTest0" time="0.0"/>
  <testcase name="test0492" classname="com.sea4.randoop.RegressionTest0" time="0.0"/>
  <testcase name="test0493" classname="com.sea4.randoop.RegressionTest0" time="0.0"/>
  <testcase name="test0494" classname="com.sea4.randoop.RegressionTest0" time="0.0"/>
  <testcase name="test0495" classname="com.sea4.randoop.RegressionTest0" time="0.0"/>
  <testcase name="test0496" classname="com.sea4.randoop.RegressionTest0" time="0.0"/>
  <testcase name="test0497" classname="com.sea4.randoop.RegressionTest0" time="0.0"/>
  <testcase name="test0498" classname="com.sea4.randoop.RegressionTest0" time="0.0"/>
  <testcase name="test0499" classname="com.sea4.randoop.RegressionTest0" time="0.001"/>
  <testcase name="test0500" classname="com.sea4.randoop.RegressionTest0" time="0.0"/>
</testsuite>