<?xml version="1.0" encoding="UTF-8"?>
<testsuite xmlns:xsi="http://www.w3.org/2001/XMLSchema-instance" xsi:noNamespaceSchemaLocation="https://maven.apache.org/surefire/maven-surefire-plugin/xsd/surefire-test-report-3.0.xsd" version="3.0" name="com.sea4.evosuite.EvoSuiteTest" time="0.344" tests="13" errors="0" skipped="0" failures="0">
  <properties>
[...]
</properties>
  <testcase name="test07" classname="com.sea4.evosuite.EvoSuiteTest" time="0.003">
    <system-err><![CDATA[[main] INFO org.evosuite.runtime.instrumentation.EvoClassLoader - Seeing class for first time: com.sea4.Stack
[main] INFO org.evosuite.runtime.instrumentation.EvoClassLoader - Instrumenting class 'com.sea4.Stack'.
[main] INFO org.evosuite.runtime.instrumentation.MethodCallReplacementClassAdapter - Adding mock interface to class com/sea4/Stack
[main] INFO org.evosuite.runtime.instrumentation.CreateClassResetClassAdapter - Creating brand-new static initializer in class com/sea4/Stack
[main] INFO org.evosuite.runtime.instrumentation.EvoClassLoader - Defined package (3): package com.sea4, -660189678
[main] INFO org.evosuite.runtime.instrumentation.EvoClassLoader - Keeping class: com.sea4.Stack
]]></system-err>
  </testcase>
  <testcase name="test06" classname="com.sea4.evosuite.EvoSuiteTest" time="0.001"/>
  <testcase name="test09" classname="com.sea4.evosuite.EvoSuiteTest" time="0.002"/>
  <testcase name="test08" classname="com.sea4.evosuite.EvoSuiteTest" time="0.0"/>
  <testcase name="test10" classname="com.sea4.evosuite.EvoSuiteTest" time="0.002">
    <system-err><![CDATA[[main] INFO org.evosuite.runtime.thread.ThreadStopper - Found new thread
]]></system-err>
  </testcase>
  <testcase name="test01" classname="com.sea4.evosuite.EvoSuiteTest" time="0.001"/>
  <testcase name="test12" classname="com.sea4.evosuite.EvoSuiteTest" time="0.0"/>
  <testcase name="test00" classname="com.sea4.evosuite.EvoSuiteTest" time="0.001"/>
  <testcase name="test11" classname="com.sea4.evosuite.EvoSuiteTest" time="0.001"/>
  <testcase name="test03" classname="com.sea4.evosuite.EvoSuiteTest" time="0.0"/>
  <testcase name="test02" classname="com.sea4.evosuite.EvoSuiteTest" time="0.001"/>
  <testcase name="test05" classname="com.sea4.evosuite.EvoSuiteTest" time="0.0"/>
  <testcase name="test04" classname="com.sea4.evosuite.EvoSuiteTest" time="0.001"/>
</testsuite>